- Removing zircote/swagger-php (2.0.16)
  - Removing setasign/fpdi (v2.3.3)
  - Removing mpdf/mpdf (v8.0.7)
  - Removing darkaonline/l5-swagger (3.2.2)
As there is no 'unzip' command installed zip files are being unpacked using the PHP zip extension.
This may cause invalid reports of corrupted archives. Besides, any UNIX permissions (e.g. executable) defined in the archives will be lost.
Installing 'unzip' may remediate them.
  - Installing kylekatarnls/update-helper (1.2.1): Downloading (connectinDownloading (100%)
  - Installing symfony/polyfill-ctype (v1.19.0): Downloading (connecting.Downloading (100%)
  - Updating vlucas/phpdotenv (v2.4.0 => v2.6.7): Downloading (connectingDownloading (100%)
  - Updating symfony/polyfill-mbstring (v1.5.0 => v1.19.0): Downloading (Downloading (100%)
  - Updating symfony/polyfill-util (v1.5.0 => v1.19.0): Downloading (connDownloading (100%)
  - Updating symfony/polyfill-php56 (v1.5.0 => v1.19.0): Downloading (conDownloading (100%)
  - Updating paragonie/random_compat (v1.4.2 => v2.0.19): Downloading (coDownloading (100%)
  - Installing symfony/polyfill-php70 (v1.19.0): Downloading (connecting.Downloading (100%)
  - Updating symfony/http-foundation (v3.0.9 => v3.1.10): Downloading (coDownloading (100%)
  - Updating symfony/event-dispatcher (v3.3.9 => v3.4.47): Downloading (cDownloading (100%)
  - Updating psr/log (1.0.2 => 1.1.3): Downloading (100%)
  - Updating symfony/debug (v3.0.9 => v3.1.10): Downloading (connecting..Downloading (100%)
  - Updating swiftmailer/swiftmailer (v5.4.8 => v5.4.12): Downloading (coDownloading (100%)
  - Updating symfony/var-dumper (v3.0.9 => v3.1.10): Downloading (connectDownloading (100%)
  - Updating symfony/console (v3.0.9 => v3.1.10): Downloading (connectingDownloading (100%)
  - Updating jakub-onderka/php-console-color (0.1 => v0.2): Downloading (Downloading (100%)
  - Updating symfony/translation (v3.0.9 => v3.1.10): Downloading (connecDownloading (100%)
  - Updating nesbot/carbon (1.36.2 => 1.39.1): Downloading (connecting...Downloading (100%)
  - Updating mtdowling/cron-expression (v1.2.0 => v1.2.3): Downloading (cDownloading (100%)
  - Updating monolog/monolog (1.23.0 => 1.26.0): Downloading (connecting.Downloading (100%)
  - Updating league/flysystem (1.0.41 => 1.0.70): Downloading (connectingDownloading (100%)
  - Updating nikic/php-parser (v2.1.1 => v3.1.5): Downloading (connectingDownloading (100%)
  - Updating jeremeamia/superclosure (2.3.0 => 2.4.0): Downloading (conneDownloading (100%)
  - Updating classpreloader/classpreloader (3.1.0 => 3.2.1): Downloading Downloading (100%)
  - Updating symfony/routing (v3.0.9 => v3.1.10): Downloading (connectingDownloading (100%)
  - Updating symfony/process (v3.0.9 => v3.1.10): Downloading (connectingDownloading (100%)
  - Updating symfony/http-kernel (v3.0.9 => v3.1.10): Downloading (connecDownloading (100%)
  - Updating symfony/finder (v3.0.9 => v3.1.10): Downloading (connecting.Downloading (100%)
  - Installing ramsey/uuid (3.9.3): Downloading (100%)
  - Installing symfony/polyfill-php72 (v1.19.0): Downloading (connecting.Downloading (100%)
  - Updating psy/psysh (v0.7.2 => v0.8.18): Downloading (100%)
  - Updating laravel/framework (v5.2.45 => v5.3.31): Downloading (connectDownloading (100%)
  - Installing symfony/polyfill-intl-normalizer (v1.19.0): Downloading (cDownloading (100%)
  - Installing symfony/polyfill-intl-idn (v1.19.0): Downloading (connectiDownloading (100%)
  - Updating webmozart/assert (1.2.0 => 1.9.1): Downloading (connecting..Downloading (100%)
  - Updating phpdocumentor/reflection-docblock (3.3.0 => 3.3.2): DownloadDownloading (100%)
  - Updating doctrine/lexer (v1.0.1 => 1.0.2): Downloading (connecting...Downloading (100%)
  - Updating dingo/blueprint (v0.2.3 => v0.2.4): Downloading (connecting.Downloading (100%)
  - Downgrading dingo/api (dev-master 46cffad => 2.1.0): Downloading (conDownloading (100%)
  - Updating facebook/php-ads-sdk (2.10.1 => 8.0.0): Downloading (connectDownloading (100%)
  - Updating mtdowling/jmespath.php (2.4.0 => 2.6.0): Downloading (connecDownloading (100%)
  - Updating guzzlehttp/promises (v1.3.1 => 1.4.1): Downloading (connectiDownloading (100%)
  - Installing ralouphie/getallheaders (3.0.3): Downloading (connecting..Downloading (100%)
  - Updating guzzlehttp/psr7 (1.4.2 => 1.8.1): Downloading (connecting...Downloading (100%)
  - Updating guzzlehttp/guzzle (6.3.0 => 6.5.5): Downloading (connecting.Downloading (100%)
  - Installing react/promise (v2.8.0): Downloading (100%)
  - Installing guzzlehttp/streams (3.0.0): Downloading (100%)
  - Installing guzzlehttp/ringphp (1.1.1): Downloading (100%)
  - Updating aws/aws-sdk-php (3.36.14 => 3.176.7): Downloading (connectinDownloading (100%)
  - Updating league/flysystem-aws-s3-v3 (1.0.18 => 1.0.29): Downloading (Downloading (100%)
  - Updating lcobucci/jwt (3.3.2 => 3.3.3): Downloading (100%)
  - Updating tymon/jwt-auth (0.5.12 => 1.0.2): Downloading (connecting...Downloading (100%)
  - Updating predis/predis (v1.1.1 => v1.1.7): Downloading (connecting...Downloading (100%)
  - Updating mongodb/mongodb (1.1.2 => 1.3.2): Downloading (connecting...Downloading (100%)
  - Updating jenssegers/mongodb (v3.2.2 => v3.2.3): Downloading (connectiDownloading (100%)
  - Updating brozot/laravel-fcm (v1.2.5 => 1.3.1): Downloading (connectinDownloading (100%)
  - Installing paragonie/constant_time_encoding (v2.4.0): Downloading (coDownloading (100%)
  - Updating phpseclib/phpseclib (2.0.9 => 3.0.6): Downloading (connectinDownloading (100%)
  - Updating firebase/php-jwt (v5.2.0 => v5.2.1): Downloading (connectingDownloading (100%)
  - Updating google/apiclient-services (v0.45 => v0.167.0): Downloading (Downloading (100%)
  - Updating google/auth (v1.2.1 => v1.15.0):Downloading (100%)         )
  - Updating google/apiclient (v2.2.1 => v2.9.1): Downloading (connectingDownloading (100%)
  - Removing folklore/graphql (v1.0.38)
  - Installing folklore/graphql (v1.1.0): Downloading (100%)
  - Updating intervention/image (2.4.1 => 2.5.1): Downloading (connectingDownloading (100%)
  - Updating fzaninotto/faker (v1.7.1 => v1.9.2): Downloading (connectingDownloading (100%)
  - Updating hamcrest/hamcrest-php (v1.2.2 => v2.0.1): Downloading (conneDownloading (100%)
  - Updating mockery/mockery (0.9.9 => 1.3.4): Downloading (connecting...Downloading (100%)
  - Downgrading myclabs/deep-copy (1.10.1 => 1.7.0): Downloading (connectDownloading (100%)
  - Updating sebastian/version (1.0.6 => 2.0.1): Downloading (connecting.Downloading (100%)
  - Installing sebastian/resource-operations (1.0.0): Downloading (connecDownloading (100%)
  - Updating sebastian/recursion-context (1.0.5 => 2.0.0): Downloading (cDownloading (100%)
  - Installing sebastian/object-enumerator (2.0.1): Downloading (connectiDownloading (100%)
  - Updating sebastian/exporter (1.2.2 => 2.0.0): Downloading (connectingDownloading (100%)
  - Updating sebastian/environment (1.3.8 => 2.0.0): Downloading (connectDownloading (100%)
  - Updating symfony/yaml (v3.3.9 => v3.3.18): Downloading (connecting...Downloading (100%)
  - Downgrading doctrine/instantiator (1.1.0 => 1.0.5): Downloading (connDownloading (100%)
  - Updating phpspec/prophecy (v1.7.2 => v1.10.3): Downloading (connectinDownloading (100%)
  - Updating phpunit/phpunit-mock-objects (2.3.8 => 3.4.4): Downloading (Downloading (100%)
  - Installing sebastian/code-unit-reverse-lookup (1.0.2): Downloading (cDownloading (100%)
  - Updating phpunit/php-token-stream (1.4.11 => 2.0.2): Downloading (conDownloading (100%)
  - Updating phpunit/php-file-iterator (1.4.2 => 1.4.5): Downloading (conDownloading (100%)
  - Updating phpunit/php-code-coverage (2.2.4 => 4.0.8): Downloading (conDownloading (100%)
  - Updating phpunit/phpunit (4.8.36 => 5.7.27): Downloading (connecting.Downloading (100%)
  - Updating symfony/dom-crawler (v3.0.9 => v3.1.10): Downloading (connecDownloading (100%)
  - Updating itsgoingd/clockwork (v4.0.10 => v5.0.7): Downloading (connecDownloading (100%)
  - Updating algolia/algoliasearch-client-php (1.28.0 => 1.28.1): DownloaDownloading (100%)
  - Updating graham-campbell/manager (v2.5.0 => v3.0.0): Downloading (conDownloading (100%)
  - Updating vinkla/algolia (2.4.0 => 2.6.0):Downloading (100%)         )
  - Updating phenx/php-font-lib (0.5.1 => 0.5.2): Downloading (connectingDownloading (100%)
  - Updating sabberworm/php-css-parser (8.1.0 => 8.3.1): Downloading (conDownloading (100%)
  - Updating phenx/php-svg-lib (v0.3.2 => v0.3.3): Downloading (connectinDownloading (100%)
  - Updating phpoffice/phpexcel (1.8.1 => 1.8.2): Downloading (connectingDownloading (100%)
  - Updating symfony/css-selector (v3.0.9 => v3.1.10): Downloading (conneDownloading (100%)
  - Updating tijsverkoyen/css-to-inline-styles (2.2.1 => 2.2.3): DownloadDownloading (100%)
  - Updating sentry/sentry (1.10.0 => 1.11.0): Downloading (connecting...Downloading (100%)
  - Installing elasticsearch/elasticsearch (v6.7.2): Downloading (connectDownloading (100%)
  - Installing sheba/elasticsearch (dev-master fd7d025): Cloning fd7d025e5b from cache
  - Updating sheba/dal dev-master (46728ef => 28e96be):  Checking out 28e96be4eb
  - Updating sheba/notification dev-master (5c77770 => 6285795):  Checking out 6285795ff4